The system is: Darwin - 14.0.0 - x86_64
Compiling the CXX compiler identification source file "CMakeCXXCompilerId.cpp" succeeded.
Compiler: /usr/bin/c++ 
Build flags: 
Id flags: 

The output was:
0


Compilation of the CXX compiler identification source "CMakeCXXCompilerId.cpp" produced "a.out"

The CXX compiler identification is AppleClang, found in "/Users/Melancardie/Dropbox/Documents/code/Java/OwlExpress/lib/opencv-2.4.10/build/CMakeFiles/3.0.2/CompilerIdCXX/a.out"

Compiling the C compiler identification source file "CMakeCCompilerId.c" succeeded.
Compiler: /usr/bin/cc 
Build flags: 
Id flags: 

The output was:
0


Compilation of the C compiler identification source "CMakeCCompilerId.c" produced "a.out"

The C compiler identification is AppleClang, found in "/Users/Melancardie/Dropbox/Documents/code/Java/OwlExpress/lib/opencv-2.4.10/build/CMakeFiles/3.0.2/CompilerIdC/a.out"

Determining if the CXX compiler works passed with the following output:
Change Dir: /Users/Melancardie/Dropbox/Documents/code/Java/OwlExpress/lib/opencv-2.4.10/build/CMakeFiles/CMakeTmp

Run Build Command:"/opt/local/bin/gmake" "cmTryCompileExec2058563225/fast"
/opt/local/bin/gmake -f CMakeFiles/cmTryCompileExec2058563225.dir/build.make CMakeFiles/cmTryCompileExec2058563225.dir/build
gmake[1]: Entering directory '/Users/Melancardie/Dropbox/Documents/code/Java/OwlExpress/lib/opencv-2.4.10/build/CMakeFiles/CMakeTmp'
/opt/local/bin/cmake -E cmake_progress_report /Users/Melancardie/Dropbox/Documents/code/Java/OwlExpress/lib/opencv-2.4.10/build/CMakeFiles/CMakeTmp/CMakeFiles 1
Building CXX object CMakeFiles/cmTryCompileExec2058563225.dir/testCXXCompiler.cxx.o
/usr/bin/c++     -o CMakeFiles/cmTryCompileExec2058563225.dir/testCXXCompiler.cxx.o -c /Users/Melancardie/Dropbox/Documents/code/Java/OwlExpress/lib/opencv-2.4.10/build/CMakeFiles/CMakeTmp/testCXXCompiler.cxx
Linking CXX executable cmTryCompileExec2058563225
/opt/local/bin/cmake -E cmake_link_script CMakeFiles/cmTryCompileExec2058563225.dir/link.txt --verbose=1
/usr/bin/c++     -Wl,-search_paths_first -Wl,-headerpad_max_install_names   CMakeFiles/cmTryCompileExec2058563225.dir/testCXXCompiler.cxx.o  -o cmTryCompileExec2058563225  
gmake[1]: Leaving directory '/Users/Melancardie/Dropbox/Documents/code/Java/OwlExpress/lib/opencv-2.4.10/build/CMakeFiles/CMakeTmp'


Detecting CXX compiler ABI info compiled with the following output:
Change Dir: /Users/Melancardie/Dropbox/Documents/code/Java/OwlExpress/lib/opencv-2.4.10/build/CMakeFiles/CMakeTmp

Run Build Command:"/opt/local/bin/gmake" "cmTryCompileExec87712837/fast"
/opt/local/bin/gmake -f CMakeFiles/cmTryCompileExec87712837.dir/build.make CMakeFiles/cmTryCompileExec87712837.dir/build
gmake[1]: Entering directory '/Users/Melancardie/Dropbox/Documents/code/Java/OwlExpress/lib/opencv-2.4.10/build/CMakeFiles/CMakeTmp'
/opt/local/bin/cmake -E cmake_progress_report /Users/Melancardie/Dropbox/Documents/code/Java/OwlExpress/lib/opencv-2.4.10/build/CMakeFiles/CMakeTmp/CMakeFiles 1
Building CXX object CMakeFiles/cmTryCompileExec87712837.dir/CMakeCXXCompilerABI.cpp.o
/usr/bin/c++     -o CMakeFiles/cmTryCompileExec87712837.dir/CMakeCXXCompilerABI.cpp.o -c /opt/local/share/cmake-3.0/Modules/CMakeCXXCompilerABI.cpp
Linking CXX executable cmTryCompileExec87712837
/opt/local/bin/cmake -E cmake_link_script CMakeFiles/cmTryCompileExec87712837.dir/link.txt --verbose=1
/usr/bin/c++     -Wl,-search_paths_first -Wl,-headerpad_max_install_names -v -Wl,-v CMakeFiles/cmTryCompileExec87712837.dir/CMakeCXXCompilerABI.cpp.o  -o cmTryCompileExec87712837   
Apple LLVM version 6.0 (clang-600.0.56) (based on LLVM 3.5svn)
Target: x86_64-apple-darwin14.0.0
Thread model: posix
 "/Applications/Xcode.app/Contents/Developer/Toolchains/XcodeDefault.xctoolchain/usr/bin/ld" -demangle -dynamic -arch x86_64 -macosx_version_min 10.10.0 -o cmTryCompileExec87712837 -search_paths_first -headerpad_max_install_names -v CMakeFiles/cmTryCompileExec87712837.dir/CMakeCXXCompilerABI.cpp.o -lc++ -lSystem /Applications/Xcode.app/Contents/Developer/Toolchains/XcodeDefault.xctoolchain/usr/bin/../lib/clang/6.0/lib/darwin/libclang_rt.osx.a
@(#)PROGRAM:ld  PROJECT:ld64-241.9
configured to support archs: armv6 armv7 armv7s arm64 i386 x86_64 x86_64h armv6m armv7m armv7em
Library search paths:
	/usr/lib
	/usr/local/lib
Framework search paths:
	/Library/Frameworks/
	/System/Library/Frameworks/
gmake[1]: Leaving directory '/Users/Melancardie/Dropbox/Documents/code/Java/OwlExpress/lib/opencv-2.4.10/build/CMakeFiles/CMakeTmp'


Parsed CXX implicit link information from above output:
  link line regex: [^( *|.*[/\])(ld|([^/\]+-)?ld|collect2)[^/\]*( |$)]
  ignore line: [Change Dir: /Users/Melancardie/Dropbox/Documents/code/Java/OwlExpress/lib/opencv-2.4.10/build/CMakeFiles/CMakeTmp]
  ignore line: []
  ignore line: [Run Build Command:"/opt/local/bin/gmake" "cmTryCompileExec87712837/fast"]
  ignore line: [/opt/local/bin/gmake -f CMakeFiles/cmTryCompileExec87712837.dir/build.make CMakeFiles/cmTryCompileExec87712837.dir/build]
  ignore line: [gmake[1]: Entering directory '/Users/Melancardie/Dropbox/Documents/code/Java/OwlExpress/lib/opencv-2.4.10/build/CMakeFiles/CMakeTmp']
  ignore line: [/opt/local/bin/cmake -E cmake_progress_report /Users/Melancardie/Dropbox/Documents/code/Java/OwlExpress/lib/opencv-2.4.10/build/CMakeFiles/CMakeTmp/CMakeFiles 1]
  ignore line: [Building CXX object CMakeFiles/cmTryCompileExec87712837.dir/CMakeCXXCompilerABI.cpp.o]
  ignore line: [/usr/bin/c++     -o CMakeFiles/cmTryCompileExec87712837.dir/CMakeCXXCompilerABI.cpp.o -c /opt/local/share/cmake-3.0/Modules/CMakeCXXCompilerABI.cpp]
  ignore line: [Linking CXX executable cmTryCompileExec87712837]
  ignore line: [/opt/local/bin/cmake -E cmake_link_script CMakeFiles/cmTryCompileExec87712837.dir/link.txt --verbose=1]
  ignore line: [/usr/bin/c++     -Wl,-search_paths_first -Wl,-headerpad_max_install_names -v -Wl,-v CMakeFiles/cmTryCompileExec87712837.dir/CMakeCXXCompilerABI.cpp.o  -o cmTryCompileExec87712837   ]
  ignore line: [Apple LLVM version 6.0 (clang-600.0.56) (based on LLVM 3.5svn)]
  ignore line: [Target: x86_64-apple-darwin14.0.0]
  ignore line: [Thread model: posix]
  link line: [ "/Applications/Xcode.app/Contents/Developer/Toolchains/XcodeDefault.xctoolchain/usr/bin/ld" -demangle -dynamic -arch x86_64 -macosx_version_min 10.10.0 -o cmTryCompileExec87712837 -search_paths_first -headerpad_max_install_names -v CMakeFiles/cmTryCompileExec87712837.dir/CMakeCXXCompilerABI.cpp.o -lc++ -lSystem /Applications/Xcode.app/Contents/Developer/Toolchains/XcodeDefault.xctoolchain/usr/bin/../lib/clang/6.0/lib/darwin/libclang_rt.osx.a]
    arg [/Applications/Xcode.app/Contents/Developer/Toolchains/XcodeDefault.xctoolchain/usr/bin/ld] ==> ignore
    arg [-demangle] ==> ignore
    arg [-dynamic] ==> ignore
    arg [-arch] ==> ignore
    arg [x86_64] ==> ignore
    arg [-macosx_version_min] ==> ignore
    arg [10.10.0] ==> ignore
    arg [-o] ==> ignore
    arg [cmTryCompileExec87712837] ==> ignore
    arg [-search_paths_first] ==> ignore
    arg [-headerpad_max_install_names] ==> ignore
    arg [-v] ==> ignore
    arg [CMakeFiles/cmTryCompileExec87712837.dir/CMakeCXXCompilerABI.cpp.o] ==> ignore
    arg [-lc++] ==> lib [c++]
    arg [-lSystem] ==> lib [System]
    arg [/Applications/Xcode.app/Contents/Developer/Toolchains/XcodeDefault.xctoolchain/usr/bin/../lib/clang/6.0/lib/darwin/libclang_rt.osx.a] ==> lib [/Applications/Xcode.app/Contents/Developer/Toolchains/XcodeDefault.xctoolchain/usr/bin/../lib/clang/6.0/lib/darwin/libclang_rt.osx.a]
  Library search paths: [;/usr/lib;/usr/local/lib]
  Framework search paths: [;/Library/Frameworks/;/System/Library/Frameworks/]
  remove lib [System]
  collapse lib [/Applications/Xcode.app/Contents/Developer/Toolchains/XcodeDefault.xctoolchain/usr/bin/../lib/clang/6.0/lib/darwin/libclang_rt.osx.a] ==> [/Applications/Xcode.app/Contents/Developer/Toolchains/XcodeDefault.xctoolchain/usr/lib/clang/6.0/lib/darwin/libclang_rt.osx.a]
  collapse library dir [/usr/lib] ==> [/usr/lib]
  collapse library dir [/usr/local/lib] ==> [/usr/local/lib]
  collapse framework dir [/Library/Frameworks/] ==> [/Library/Frameworks]
  collapse framework dir [/System/Library/Frameworks/] ==> [/System/Library/Frameworks]
  implicit libs: [c++;/Applications/Xcode.app/Contents/Developer/Toolchains/XcodeDefault.xctoolchain/usr/lib/clang/6.0/lib/darwin/libclang_rt.osx.a]
  implicit dirs: [/usr/lib;/usr/local/lib]
  implicit fwks: [/Library/Frameworks;/System/Library/Frameworks]


Determining if the C compiler works passed with the following output:
Change Dir: /Users/Melancardie/Dropbox/Documents/code/Java/OwlExpress/lib/opencv-2.4.10/build/CMakeFiles/CMakeTmp

Run Build Command:"/opt/local/bin/gmake" "cmTryCompileExec2589391590/fast"
/opt/local/bin/gmake -f CMakeFiles/cmTryCompileExec2589391590.dir/build.make CMakeFiles/cmTryCompileExec2589391590.dir/build
gmake[1]: Entering directory '/Users/Melancardie/Dropbox/Documents/code/Java/OwlExpress/lib/opencv-2.4.10/build/CMakeFiles/CMakeTmp'
/opt/local/bin/cmake -E cmake_progress_report /Users/Melancardie/Dropbox/Documents/code/Java/OwlExpress/lib/opencv-2.4.10/build/CMakeFiles/CMakeTmp/CMakeFiles 1
Building C object CMakeFiles/cmTryCompileExec2589391590.dir/testCCompiler.c.o
/usr/bin/cc    -o CMakeFiles/cmTryCompileExec2589391590.dir/testCCompiler.c.o   -c /Users/Melancardie/Dropbox/Documents/code/Java/OwlExpress/lib/opencv-2.4.10/build/CMakeFiles/CMakeTmp/testCCompiler.c
Linking C executable cmTryCompileExec2589391590
/opt/local/bin/cmake -E cmake_link_script CMakeFiles/cmTryCompileExec2589391590.dir/link.txt --verbose=1
/usr/bin/cc    -Wl,-search_paths_first -Wl,-headerpad_max_install_names   CMakeFiles/cmTryCompileExec2589391590.dir/testCCompiler.c.o  -o cmTryCompileExec2589391590  
gmake[1]: Leaving directory '/Users/Melancardie/Dropbox/Documents/code/Java/OwlExpress/lib/opencv-2.4.10/build/CMakeFiles/CMakeTmp'


Detecting C compiler ABI info compiled with the following output:
Change Dir: /Users/Melancardie/Dropbox/Documents/code/Java/OwlExpress/lib/opencv-2.4.10/build/CMakeFiles/CMakeTmp

Run Build Command:"/opt/local/bin/gmake" "cmTryCompileExec3826177905/fast"
/opt/local/bin/gmake -f CMakeFiles/cmTryCompileExec3826177905.dir/build.make CMakeFiles/cmTryCompileExec3826177905.dir/build
gmake[1]: Entering directory '/Users/Melancardie/Dropbox/Documents/code/Java/OwlExpress/lib/opencv-2.4.10/build/CMakeFiles/CMakeTmp'
/opt/local/bin/cmake -E cmake_progress_report /Users/Melancardie/Dropbox/Documents/code/Java/OwlExpress/lib/opencv-2.4.10/build/CMakeFiles/CMakeTmp/CMakeFiles 1
Building C object CMakeFiles/cmTryCompileExec3826177905.dir/CMakeCCompilerABI.c.o
/usr/bin/cc    -o CMakeFiles/cmTryCompileExec3826177905.dir/CMakeCCompilerABI.c.o   -c /opt/local/share/cmake-3.0/Modules/CMakeCCompilerABI.c
Linking C executable cmTryCompileExec3826177905
/opt/local/bin/cmake -E cmake_link_script CMakeFiles/cmTryCompileExec3826177905.dir/link.txt --verbose=1
/usr/bin/cc    -Wl,-search_paths_first -Wl,-headerpad_max_install_names -v -Wl,-v CMakeFiles/cmTryCompileExec3826177905.dir/CMakeCCompilerABI.c.o  -o cmTryCompileExec3826177905   
Apple LLVM version 6.0 (clang-600.0.56) (based on LLVM 3.5svn)
Target: x86_64-apple-darwin14.0.0
Thread model: posix
 "/Applications/Xcode.app/Contents/Developer/Toolchains/XcodeDefault.xctoolchain/usr/bin/ld" -demangle -dynamic -arch x86_64 -macosx_version_min 10.10.0 -o cmTryCompileExec3826177905 -search_paths_first -headerpad_max_install_names -v CMakeFiles/cmTryCompileExec3826177905.dir/CMakeCCompilerABI.c.o -lSystem /Applications/Xcode.app/Contents/Developer/Toolchains/XcodeDefault.xctoolchain/usr/bin/../lib/clang/6.0/lib/darwin/libclang_rt.osx.a
@(#)PROGRAM:ld  PROJECT:ld64-241.9
configured to support archs: armv6 armv7 armv7s arm64 i386 x86_64 x86_64h armv6m armv7m armv7em
Library search paths:
	/usr/lib
	/usr/local/lib
Framework search paths:
	/Library/Frameworks/
	/System/Library/Frameworks/
gmake[1]: Leaving directory '/Users/Melancardie/Dropbox/Documents/code/Java/OwlExpress/lib/opencv-2.4.10/build/CMakeFiles/CMakeTmp'


Parsed C implicit link information from above output:
  link line regex: [^( *|.*[/\])(ld|([^/\]+-)?ld|collect2)[^/\]*( |$)]
  ignore line: [Change Dir: /Users/Melancardie/Dropbox/Documents/code/Java/OwlExpress/lib/opencv-2.4.10/build/CMakeFiles/CMakeTmp]
  ignore line: []
  ignore line: [Run Build Command:"/opt/local/bin/gmake" "cmTryCompileExec3826177905/fast"]
  ignore line: [/opt/local/bin/gmake -f CMakeFiles/cmTryCompileExec3826177905.dir/build.make CMakeFiles/cmTryCompileExec3826177905.dir/build]
  ignore line: [gmake[1]: Entering directory '/Users/Melancardie/Dropbox/Documents/code/Java/OwlExpress/lib/opencv-2.4.10/build/CMakeFiles/CMakeTmp']
  ignore line: [/opt/local/bin/cmake -E cmake_progress_report /Users/Melancardie/Dropbox/Documents/code/Java/OwlExpress/lib/opencv-2.4.10/build/CMakeFiles/CMakeTmp/CMakeFiles 1]
  ignore line: [Building C object CMakeFiles/cmTryCompileExec3826177905.dir/CMakeCCompilerABI.c.o]
  ignore line: [/usr/bin/cc    -o CMakeFiles/cmTryCompileExec3826177905.dir/CMakeCCompilerABI.c.o   -c /opt/local/share/cmake-3.0/Modules/CMakeCCompilerABI.c]
  ignore line: [Linking C executable cmTryCompileExec3826177905]
  ignore line: [/opt/local/bin/cmake -E cmake_link_script CMakeFiles/cmTryCompileExec3826177905.dir/link.txt --verbose=1]
  ignore line: [/usr/bin/cc    -Wl,-search_paths_first -Wl,-headerpad_max_install_names -v -Wl,-v CMakeFiles/cmTryCompileExec3826177905.dir/CMakeCCompilerABI.c.o  -o cmTryCompileExec3826177905   ]
  ignore line: [Apple LLVM version 6.0 (clang-600.0.56) (based on LLVM 3.5svn)]
  ignore line: [Target: x86_64-apple-darwin14.0.0]
  ignore line: [Thread model: posix]
  link line: [ "/Applications/Xcode.app/Contents/Developer/Toolchains/XcodeDefault.xctoolchain/usr/bin/ld" -demangle -dynamic -arch x86_64 -macosx_version_min 10.10.0 -o cmTryCompileExec3826177905 -search_paths_first -headerpad_max_install_names -v CMakeFiles/cmTryCompileExec3826177905.dir/CMakeCCompilerABI.c.o -lSystem /Applications/Xcode.app/Contents/Developer/Toolchains/XcodeDefault.xctoolchain/usr/bin/../lib/clang/6.0/lib/darwin/libclang_rt.osx.a]
    arg [/Applications/Xcode.app/Contents/Developer/Toolchains/XcodeDefault.xctoolchain/usr/bin/ld] ==> ignore
    arg [-demangle] ==> ignore
    arg [-dynamic] ==> ignore
    arg [-arch] ==> ignore
    arg [x86_64] ==> ignore
    arg [-macosx_version_min] ==> ignore
    arg [10.10.0] ==> ignore
    arg [-o] ==> ignore
    arg [cmTryCompileExec3826177905] ==> ignore
    arg [-search_paths_first] ==> ignore
    arg [-headerpad_max_install_names] ==> ignore
    arg [-v] ==> ignore
    arg [CMakeFiles/cmTryCompileExec3826177905.dir/CMakeCCompilerABI.c.o] ==> ignore
    arg [-lSystem] ==> lib [System]
    arg [/Applications/Xcode.app/Contents/Developer/Toolchains/XcodeDefault.xctoolchain/usr/bin/../lib/clang/6.0/lib/darwin/libclang_rt.osx.a] ==> lib [/Applications/Xcode.app/Contents/Developer/Toolchains/XcodeDefault.xctoolchain/usr/bin/../lib/clang/6.0/lib/darwin/libclang_rt.osx.a]
  Library search paths: [;/usr/lib;/usr/local/lib]
  Framework search paths: [;/Library/Frameworks/;/System/Library/Frameworks/]
  remove lib [System]
  collapse lib [/Applications/Xcode.app/Contents/Developer/Toolchains/XcodeDefault.xctoolchain/usr/bin/../lib/clang/6.0/lib/darwin/libclang_rt.osx.a] ==> [/Applications/Xcode.app/Contents/Developer/Toolchains/XcodeDefault.xctoolchain/usr/lib/clang/6.0/lib/darwin/libclang_rt.osx.a]
  collapse library dir [/usr/lib] ==> [/usr/lib]
  collapse library dir [/usr/local/lib] ==> [/usr/local/lib]
  collapse framework dir [/Library/Frameworks/] ==> [/Library/Frameworks]
  collapse framework dir [/System/Library/Frameworks/] ==> [/System/Library/Frameworks]
  implicit libs: [/Applications/Xcode.app/Contents/Developer/Toolchains/XcodeDefault.xctoolchain/usr/lib/clang/6.0/lib/darwin/libclang_rt.osx.a]
  implicit dirs: [/usr/lib;/usr/local/lib]
  implicit fwks: [/Library/Frameworks;/System/Library/Frameworks]


Determining if the include file sys/types.h exists passed with the following output:
Change Dir: /Users/Melancardie/Dropbox/Documents/code/Java/OwlExpress/lib/opencv-2.4.10/build/CMakeFiles/CMakeTmp

Run Build Command:"/opt/local/bin/gmake" "cmTryCompileExec3527872599/fast"
/opt/local/bin/gmake -f CMakeFiles/cmTryCompileExec3527872599.dir/build.make CMakeFiles/cmTryCompileExec3527872599.dir/build
gmake[1]: Entering directory '/Users/Melancardie/Dropbox/Documents/code/Java/OwlExpress/lib/opencv-2.4.10/build/CMakeFiles/CMakeTmp'
/opt/local/bin/cmake -E cmake_progress_report /Users/Melancardie/Dropbox/Documents/code/Java/OwlExpress/lib/opencv-2.4.10/build/CMakeFiles/CMakeTmp/CMakeFiles 1
Building C object CMakeFiles/cmTryCompileExec3527872599.dir/CheckIncludeFile.c.o
/usr/bin/cc   -fPIC   -fsigned-char -W -Werror=return-type -Werror=address -Werror=sequence-point -Wformat -Werror=format-security -Wmissing-declarations -Wmissing-prototypes -Wstrict-prototypes -Wundef -Winit-self -Wpointer-arith -Wshadow -Wsign-promo -Wno-narrowing -Wno-delete-non-virtual-dtor -Wno-unnamed-type-template-args -fdiagnostics-show-option -Wno-long-long -fno-omit-frame-pointer -msse -msse2 -msse3  -O3 -DNDEBUG   -o CMakeFiles/cmTryCompileExec3527872599.dir/CheckIncludeFile.c.o   -c /Users/Melancardie/Dropbox/Documents/code/Java/OwlExpress/lib/opencv-2.4.10/build/CMakeFiles/CMakeTmp/CheckIncludeFile.c
Linking C executable cmTryCompileExec3527872599
/opt/local/bin/cmake -E cmake_link_script CMakeFiles/cmTryCompileExec3527872599.dir/link.txt --verbose=1
/usr/bin/cc   -fPIC   -fsigned-char -W -Werror=return-type -Werror=address -Werror=sequence-point -Wformat -Werror=format-security -Wmissing-declarations -Wmissing-prototypes -Wstrict-prototypes -Wundef -Winit-self -Wpointer-arith -Wshadow -Wsign-promo -Wno-narrowing -Wno-delete-non-virtual-dtor -Wno-unnamed-type-template-args -fdiagnostics-show-option -Wno-long-long -fno-omit-frame-pointer -msse -msse2 -msse3  -O3 -DNDEBUG -Wl,-search_paths_first -Wl,-headerpad_max_install_names   CMakeFiles/cmTryCompileExec3527872599.dir/CheckIncludeFile.c.o  -o cmTryCompileExec3527872599  
gmake[1]: Leaving directory '/Users/Melancardie/Dropbox/Documents/code/Java/OwlExpress/lib/opencv-2.4.10/build/CMakeFiles/CMakeTmp'


Determining if the include file stdint.h exists passed with the following output:
Change Dir: /Users/Melancardie/Dropbox/Documents/code/Java/OwlExpress/lib/opencv-2.4.10/build/CMakeFiles/CMakeTmp

Run Build Command:"/opt/local/bin/gmake" "cmTryCompileExec1329342339/fast"
/opt/local/bin/gmake -f CMakeFiles/cmTryCompileExec1329342339.dir/build.make CMakeFiles/cmTryCompileExec1329342339.dir/build
gmake[1]: Entering directory '/Users/Melancardie/Dropbox/Documents/code/Java/OwlExpress/lib/opencv-2.4.10/build/CMakeFiles/CMakeTmp'
/opt/local/bin/cmake -E cmake_progress_report /Users/Melancardie/Dropbox/Documents/code/Java/OwlExpress/lib/opencv-2.4.10/build/CMakeFiles/CMakeTmp/CMakeFiles 1
Building C object CMakeFiles/cmTryCompileExec1329342339.dir/CheckIncludeFile.c.o
/usr/bin/cc   -fPIC   -fsigned-char -W -Werror=return-type -Werror=address -Werror=sequence-point -Wformat -Werror=format-security -Wmissing-declarations -Wmissing-prototypes -Wstrict-prototypes -Wundef -Winit-self -Wpointer-arith -Wshadow -Wsign-promo -Wno-narrowing -Wno-delete-non-virtual-dtor -Wno-unnamed-type-template-args -fdiagnostics-show-option -Wno-long-long -fno-omit-frame-pointer -msse -msse2 -msse3  -O3 -DNDEBUG   -o CMakeFiles/cmTryCompileExec1329342339.dir/CheckIncludeFile.c.o   -c /Users/Melancardie/Dropbox/Documents/code/Java/OwlExpress/lib/opencv-2.4.10/build/CMakeFiles/CMakeTmp/CheckIncludeFile.c
Linking C executable cmTryCompileExec1329342339
/opt/local/bin/cmake -E cmake_link_script CMakeFiles/cmTryCompileExec1329342339.dir/link.txt --verbose=1
/usr/bin/cc   -fPIC   -fsigned-char -W -Werror=return-type -Werror=address -Werror=sequence-point -Wformat -Werror=format-security -Wmissing-declarations -Wmissing-prototypes -Wstrict-prototypes -Wundef -Winit-self -Wpointer-arith -Wshadow -Wsign-promo -Wno-narrowing -Wno-delete-non-virtual-dtor -Wno-unnamed-type-template-args -fdiagnostics-show-option -Wno-long-long -fno-omit-frame-pointer -msse -msse2 -msse3  -O3 -DNDEBUG -Wl,-search_paths_first -Wl,-headerpad_max_install_names   CMakeFiles/cmTryCompileExec1329342339.dir/CheckIncludeFile.c.o  -o cmTryCompileExec1329342339  
gmake[1]: Leaving directory '/Users/Melancardie/Dropbox/Documents/code/Java/OwlExpress/lib/opencv-2.4.10/build/CMakeFiles/CMakeTmp'


Determining if the include file stddef.h exists passed with the following output:
Change Dir: /Users/Melancardie/Dropbox/Documents/code/Java/OwlExpress/lib/opencv-2.4.10/build/CMakeFiles/CMakeTmp

Run Build Command:"/opt/local/bin/gmake" "cmTryCompileExec1496927613/fast"
/opt/local/bin/gmake -f CMakeFiles/cmTryCompileExec1496927613.dir/build.make CMakeFiles/cmTryCompileExec1496927613.dir/build
gmake[1]: Entering directory '/Users/Melancardie/Dropbox/Documents/code/Java/OwlExpress/lib/opencv-2.4.10/build/CMakeFiles/CMakeTmp'
/opt/local/bin/cmake -E cmake_progress_report /Users/Melancardie/Dropbox/Documents/code/Java/OwlExpress/lib/opencv-2.4.10/build/CMakeFiles/CMakeTmp/CMakeFiles 1
Building C object CMakeFiles/cmTryCompileExec1496927613.dir/CheckIncludeFile.c.o
/usr/bin/cc   -fPIC   -fsigned-char -W -Werror=return-type -Werror=address -Werror=sequence-point -Wformat -Werror=format-security -Wmissing-declarations -Wmissing-prototypes -Wstrict-prototypes -Wundef -Winit-self -Wpointer-arith -Wshadow -Wsign-promo -Wno-narrowing -Wno-delete-non-virtual-dtor -Wno-unnamed-type-template-args -fdiagnostics-show-option -Wno-long-long -fno-omit-frame-pointer -msse -msse2 -msse3  -O3 -DNDEBUG   -o CMakeFiles/cmTryCompileExec1496927613.dir/CheckIncludeFile.c.o   -c /Users/Melancardie/Dropbox/Documents/code/Java/OwlExpress/lib/opencv-2.4.10/build/CMakeFiles/CMakeTmp/CheckIncludeFile.c
Linking C executable cmTryCompileExec1496927613
/opt/local/bin/cmake -E cmake_link_script CMakeFiles/cmTryCompileExec1496927613.dir/link.txt --verbose=1
/usr/bin/cc   -fPIC   -fsigned-char -W -Werror=return-type -Werror=address -Werror=sequence-point -Wformat -Werror=format-security -Wmissing-declarations -Wmissing-prototypes -Wstrict-prototypes -Wundef -Winit-self -Wpointer-arith -Wshadow -Wsign-promo -Wno-narrowing -Wno-delete-non-virtual-dtor -Wno-unnamed-type-template-args -fdiagnostics-show-option -Wno-long-long -fno-omit-frame-pointer -msse -msse2 -msse3  -O3 -DNDEBUG -Wl,-search_paths_first -Wl,-headerpad_max_install_names   CMakeFiles/cmTryCompileExec1496927613.dir/CheckIncludeFile.c.o  -o cmTryCompileExec1496927613  
gmake[1]: Leaving directory '/Users/Melancardie/Dropbox/Documents/code/Java/OwlExpress/lib/opencv-2.4.10/build/CMakeFiles/CMakeTmp'


Determining size of unsigned short passed with the following output:
Change Dir: /Users/Melancardie/Dropbox/Documents/code/Java/OwlExpress/lib/opencv-2.4.10/build/CMakeFiles/CMakeTmp

Run Build Command:"/opt/local/bin/gmake" "cmTryCompileExec196251463/fast"
/opt/local/bin/gmake -f CMakeFiles/cmTryCompileExec196251463.dir/build.make CMakeFiles/cmTryCompileExec196251463.dir/build
gmake[1]: Entering directory '/Users/Melancardie/Dropbox/Documents/code/Java/OwlExpress/lib/opencv-2.4.10/build/CMakeFiles/CMakeTmp'
/opt/local/bin/cmake -E cmake_progress_report /Users/Melancardie/Dropbox/Documents/code/Java/OwlExpress/lib/opencv-2.4.10/build/CMakeFiles/CMakeTmp/CMakeFiles 1
Building C object CMakeFiles/cmTryCompileExec196251463.dir/CMAKE_SIZEOF_UNSIGNED_SHORT.c.o
/usr/bin/cc   -fPIC   -fsigned-char -W -Werror=return-type -Werror=address -Werror=sequence-point -Wformat -Werror=format-security -Wmissing-declarations -Wmissing-prototypes -Wstrict-prototypes -Wundef -Winit-self -Wpointer-arith -Wshadow -Wsign-promo -Wno-narrowing -Wno-delete-non-virtual-dtor -Wno-unnamed-type-template-args -fdiagnostics-show-option -Wno-long-long -fno-omit-frame-pointer -msse -msse2 -msse3  -O3 -DNDEBUG   -o CMakeFiles/cmTryCompileExec196251463.dir/CMAKE_SIZEOF_UNSIGNED_SHORT.c.o   -c /Users/Melancardie/Dropbox/Documents/code/Java/OwlExpress/lib/opencv-2.4.10/build/CMakeFiles/CheckTypeSize/CMAKE_SIZEOF_UNSIGNED_SHORT.c
Linking C executable cmTryCompileExec196251463
/opt/local/bin/cmake -E cmake_link_script CMakeFiles/cmTryCompileExec196251463.dir/link.txt --verbose=1
/usr/bin/cc   -fPIC   -fsigned-char -W -Werror=return-type -Werror=address -Werror=sequence-point -Wformat -Werror=format-security -Wmissing-declarations -Wmissing-prototypes -Wstrict-prototypes -Wundef -Winit-self -Wpointer-arith -Wshadow -Wsign-promo -Wno-narrowing -Wno-delete-non-virtual-dtor -Wno-unnamed-type-template-args -fdiagnostics-show-option -Wno-long-long -fno-omit-frame-pointer -msse -msse2 -msse3  -O3 -DNDEBUG -Wl,-search_paths_first -Wl,-headerpad_max_install_names   CMakeFiles/cmTryCompileExec196251463.dir/CMAKE_SIZEOF_UNSIGNED_SHORT.c.o  -o cmTryCompileExec196251463  
gmake[1]: Leaving directory '/Users/Melancardie/Dropbox/Documents/code/Java/OwlExpress/lib/opencv-2.4.10/build/CMakeFiles/CMakeTmp'


Determining if the function fseeko exists passed with the following output:
Change Dir: /Users/Melancardie/Dropbox/Documents/code/Java/OwlExpress/lib/opencv-2.4.10/build/CMakeFiles/CMakeTmp

Run Build Command:"/opt/local/bin/gmake" "cmTryCompileExec1697608413/fast"
/opt/local/bin/gmake -f CMakeFiles/cmTryCompileExec1697608413.dir/build.make CMakeFiles/cmTryCompileExec1697608413.dir/build
gmake[1]: Entering directory '/Users/Melancardie/Dropbox/Documents/code/Java/OwlExpress/lib/opencv-2.4.10/build/CMakeFiles/CMakeTmp'
/opt/local/bin/cmake -E cmake_progress_report /Users/Melancardie/Dropbox/Documents/code/Java/OwlExpress/lib/opencv-2.4.10/build/CMakeFiles/CMakeTmp/CMakeFiles 1
Building C object CMakeFiles/cmTryCompileExec1697608413.dir/CheckFunctionExists.c.o
/usr/bin/cc   -fPIC   -fsigned-char -W -Werror=return-type -Werror=address -Werror=sequence-point -Wformat -Werror=format-security -Wmissing-declarations -Wmissing-prototypes -Wstrict-prototypes -Wundef -Winit-self -Wpointer-arith -Wshadow -Wsign-promo -Wno-narrowing -Wno-delete-non-virtual-dtor -Wno-unnamed-type-template-args -fdiagnostics-show-option -Wno-long-long -fno-omit-frame-pointer -msse -msse2 -msse3 -DCHECK_FUNCTION_EXISTS=fseeko -O3 -DNDEBUG   -o CMakeFiles/cmTryCompileExec1697608413.dir/CheckFunctionExists.c.o   -c /opt/local/share/cmake-3.0/Modules/CheckFunctionExists.c
Linking C executable cmTryCompileExec1697608413
/opt/local/bin/cmake -E cmake_link_script CMakeFiles/cmTryCompileExec1697608413.dir/link.txt --verbose=1
/usr/bin/cc   -fPIC   -fsigned-char -W -Werror=return-type -Werror=address -Werror=sequence-point -Wformat -Werror=format-security -Wmissing-declarations -Wmissing-prototypes -Wstrict-prototypes -Wundef -Winit-self -Wpointer-arith -Wshadow -Wsign-promo -Wno-narrowing -Wno-delete-non-virtual-dtor -Wno-unnamed-type-template-args -fdiagnostics-show-option -Wno-long-long -fno-omit-frame-pointer -msse -msse2 -msse3 -DCHECK_FUNCTION_EXISTS=fseeko -O3 -DNDEBUG -Wl,-search_paths_first -Wl,-headerpad_max_install_names   CMakeFiles/cmTryCompileExec1697608413.dir/CheckFunctionExists.c.o  -o cmTryCompileExec1697608413  
gmake[1]: Leaving directory '/Users/Melancardie/Dropbox/Documents/code/Java/OwlExpress/lib/opencv-2.4.10/build/CMakeFiles/CMakeTmp'


Determining if the include file unistd.h exists passed with the following output:
Change Dir: /Users/Melancardie/Dropbox/Documents/code/Java/OwlExpress/lib/opencv-2.4.10/build/CMakeFiles/CMakeTmp

Run Build Command:"/opt/local/bin/gmake" "cmTryCompileExec610718240/fast"
/opt/local/bin/gmake -f CMakeFiles/cmTryCompileExec610718240.dir/build.make CMakeFiles/cmTryCompileExec610718240.dir/build
gmake[1]: Entering directory '/Users/Melancardie/Dropbox/Documents/code/Java/OwlExpress/lib/opencv-2.4.10/build/CMakeFiles/CMakeTmp'
/opt/local/bin/cmake -E cmake_progress_report /Users/Melancardie/Dropbox/Documents/code/Java/OwlExpress/lib/opencv-2.4.10/build/CMakeFiles/CMakeTmp/CMakeFiles 1
Building C object CMakeFiles/cmTryCompileExec610718240.dir/CheckIncludeFile.c.o
/usr/bin/cc   -fPIC   -fsigned-char -W -Werror=return-type -Werror=address -Werror=sequence-point -Wformat -Werror=format-security -Wmissing-declarations -Wmissing-prototypes -Wstrict-prototypes -Wundef -Winit-self -Wpointer-arith -Wshadow -Wsign-promo -Wno-narrowing -Wno-delete-non-virtual-dtor -Wno-unnamed-type-template-args -fdiagnostics-show-option -Wno-long-long -fno-omit-frame-pointer -msse -msse2 -msse3  -O3 -DNDEBUG   -o CMakeFiles/cmTryCompileExec610718240.dir/CheckIncludeFile.c.o   -c /Users/Melancardie/Dropbox/Documents/code/Java/OwlExpress/lib/opencv-2.4.10/build/CMakeFiles/CMakeTmp/CheckIncludeFile.c
Linking C executable cmTryCompileExec610718240
/opt/local/bin/cmake -E cmake_link_script CMakeFiles/cmTryCompileExec610718240.dir/link.txt --verbose=1
/usr/bin/cc   -fPIC   -fsigned-char -W -Werror=return-type -Werror=address -Werror=sequence-point -Wformat -Werror=format-security -Wmissing-declarations -Wmissing-prototypes -Wstrict-prototypes -Wundef -Winit-self -Wpointer-arith -Wshadow -Wsign-promo -Wno-narrowing -Wno-delete-non-virtual-dtor -Wno-unnamed-type-template-args -fdiagnostics-show-option -Wno-long-long -fno-omit-frame-pointer -msse -msse2 -msse3  -O3 -DNDEBUG -Wl,-search_paths_first -Wl,-headerpad_max_install_names   CMakeFiles/cmTryCompileExec610718240.dir/CheckIncludeFile.c.o  -o cmTryCompileExec610718240  
gmake[1]: Leaving directory '/Users/Melancardie/Dropbox/Documents/code/Java/OwlExpress/lib/opencv-2.4.10/build/CMakeFiles/CMakeTmp'


Determining if the include file assert.h exists passed with the following output:
Change Dir: /Users/Melancardie/Dropbox/Documents/code/Java/OwlExpress/lib/opencv-2.4.10/build/CMakeFiles/CMakeTmp

Run Build Command:"/opt/local/bin/gmake" "cmTryCompileExec1212826988/fast"
/opt/local/bin/gmake -f CMakeFiles/cmTryCompileExec1212826988.dir/build.make CMakeFiles/cmTryCompileExec1212826988.dir/build
gmake[1]: Entering directory '/Users/Melancardie/Dropbox/Documents/code/Java/OwlExpress/lib/opencv-2.4.10/build/CMakeFiles/CMakeTmp'
/opt/local/bin/cmake -E cmake_progress_report /Users/Melancardie/Dropbox/Documents/code/Java/OwlExpress/lib/opencv-2.4.10/build/CMakeFiles/CMakeTmp/CMakeFiles 1
Building C object CMakeFiles/cmTryCompileExec1212826988.dir/CheckIncludeFile.c.o
/usr/bin/cc   -fPIC   -fsigned-char -W -Werror=return-type -Werror=address -Werror=sequence-point -Wformat -Werror=format-security -Wmissing-declarations -Wmissing-prototypes -Wstrict-prototypes -Wundef -Winit-self -Wpointer-arith -Wshadow -Wsign-promo -Wno-narrowing -Wno-delete-non-virtual-dtor -Wno-unnamed-type-template-args -fdiagnostics-show-option -Wno-long-long -fno-omit-frame-pointer -msse -msse2 -msse3  -O3 -DNDEBUG   -o CMakeFiles/cmTryCompileExec1212826988.dir/CheckIncludeFile.c.o   -c /Users/Melancardie/Dropbox/Documents/code/Java/OwlExpress/lib/opencv-2.4.10/build/CMakeFiles/CMakeTmp/CheckIncludeFile.c
Linking C executable cmTryCompileExec1212826988
/opt/local/bin/cmake -E cmake_link_script CMakeFiles/cmTryCompileExec1212826988.dir/link.txt --verbose=1
/usr/bin/cc   -fPIC   -fsigned-char -W -Werror=return-type -Werror=address -Werror=sequence-point -Wformat -Werror=format-security -Wmissing-declarations -Wmissing-prototypes -Wstrict-prototypes -Wundef -Winit-self -Wpointer-arith -Wshadow -Wsign-promo -Wno-narrowing -Wno-delete-non-virtual-dtor -Wno-unnamed-type-template-args -fdiagnostics-show-option -Wno-long-long -fno-omit-frame-pointer -msse -msse2 -msse3  -O3 -DNDEBUG -Wl,-search_paths_first -Wl,-headerpad_max_install_names   CMakeFiles/cmTryCompileExec1212826988.dir/CheckIncludeFile.c.o  -o cmTryCompileExec1212826988  
gmake[1]: Leaving directory '/Users/Melancardie/Dropbox/Documents/code/Java/OwlExpress/lib/opencv-2.4.10/build/CMakeFiles/CMakeTmp'


Determining if the include file fcntl.h exists passed with the following output:
Change Dir: /Users/Melancardie/Dropbox/Documents/code/Java/OwlExpress/lib/opencv-2.4.10/build/CMakeFiles/CMakeTmp

Run Build Command:"/opt/local/bin/gmake" "cmTryCompileExec198739046/fast"
/opt/local/bin/gmake -f CMakeFiles/cmTryCompileExec198739046.dir/build.make CMakeFiles/cmTryCompileExec198739046.dir/build
gmake[1]: Entering directory '/Users/Melancardie/Dropbox/Documents/code/Java/OwlExpress/lib/opencv-2.4.10/build/CMakeFiles/CMakeTmp'
/opt/local/bin/cmake -E cmake_progress_report /Users/Melancardie/Dropbox/Documents/code/Java/OwlExpress/lib/opencv-2.4.10/build/CMakeFiles/CMakeTmp/CMakeFiles 1
Building C object CMakeFiles/cmTryCompileExec198739046.dir/CheckIncludeFile.c.o
/usr/bin/cc   -fPIC   -fsigned-char -W -Werror=return-type -Werror=address -Werror=sequence-point -Wformat -Werror=format-security -Wmissing-declarations -Wmissing-prototypes -Wstrict-prototypes -Wundef -Winit-self -Wpointer-arith -Wshadow -Wsign-promo -Wno-narrowing -Wno-delete-non-virtual-dtor -Wno-unnamed-type-template-args -fdiagnostics-show-option -Wno-long-long -fno-omit-frame-pointer -msse -msse2 -msse3  -O3 -DNDEBUG   -o CMakeFiles/cmTryCompileExec198739046.dir/CheckIncludeFile.c.o   -c /Users/Melancardie/Dropbox/Documents/code/Java/OwlExpress/lib/opencv-2.4.10/build/CMakeFiles/CMakeTmp/CheckIncludeFile.c
Linking C executable cmTryCompileExec198739046
/opt/local/bin/cmake -E cmake_link_script CMakeFiles/cmTryCompileExec198739046.dir/link.txt --verbose=1
/usr/bin/cc   -fPIC   -fsigned-char -W -Werror=return-type -Werror=address -Werror=sequence-point -Wformat -Werror=format-security -Wmissing-declarations -Wmissing-prototypes -Wstrict-prototypes -Wundef -Winit-self -Wpointer-arith -Wshadow -Wsign-promo -Wno-narrowing -Wno-delete-non-virtual-dtor -Wno-unnamed-type-template-args -fdiagnostics-show-option -Wno-long-long -fno-omit-frame-pointer -msse -msse2 -msse3  -O3 -DNDEBUG -Wl,-search_paths_first -Wl,-headerpad_max_install_names   CMakeFiles/cmTryCompileExec198739046.dir/CheckIncludeFile.c.o  -o cmTryCompileExec198739046  
gmake[1]: Leaving directory '/Users/Melancardie/Dropbox/Documents/code/Java/OwlExpress/lib/opencv-2.4.10/build/CMakeFiles/CMakeTmp'


Determining if the function mmap exists passed with the following output:
Change Dir: /Users/Melancardie/Dropbox/Documents/code/Java/OwlExpress/lib/opencv-2.4.10/build/CMakeFiles/CMakeTmp

Run Build Command:"/opt/local/bin/gmake" "cmTryCompileExec2850783090/fast"
/opt/local/bin/gmake -f CMakeFiles/cmTryCompileExec2850783090.dir/build.make CMakeFiles/cmTryCompileExec2850783090.dir/build
gmake[1]: Entering directory '/Users/Melancardie/Dropbox/Documents/code/Java/OwlExpress/lib/opencv-2.4.10/build/CMakeFiles/CMakeTmp'
/opt/local/bin/cmake -E cmake_progress_report /Users/Melancardie/Dropbox/Documents/code/Java/OwlExpress/lib/opencv-2.4.10/build/CMakeFiles/CMakeTmp/CMakeFiles 1
Building C object CMakeFiles/cmTryCompileExec2850783090.dir/CheckFunctionExists.c.o
/usr/bin/cc   -fPIC   -fsigned-char -W -Werror=return-type -Werror=address -Werror=sequence-point -Wformat -Werror=format-security -Wmissing-declarations -Wmissing-prototypes -Wstrict-prototypes -Wundef -Winit-self -Wpointer-arith -Wshadow -Wsign-promo -Wno-narrowing -Wno-delete-non-virtual-dtor -Wno-unnamed-type-template-args -fdiagnostics-show-option -Wno-long-long -fno-omit-frame-pointer -msse -msse2 -msse3 -DCHECK_FUNCTION_EXISTS=mmap -O3 -DNDEBUG   -o CMakeFiles/cmTryCompileExec2850783090.dir/CheckFunctionExists.c.o   -c /opt/local/share/cmake-3.0/Modules/CheckFunctionExists.c
Linking C executable cmTryCompileExec2850783090
/opt/local/bin/cmake -E cmake_link_script CMakeFiles/cmTryCompileExec2850783090.dir/link.txt --verbose=1
/usr/bin/cc   -fPIC   -fsigned-char -W -Werror=return-type -Werror=address -Werror=sequence-point -Wformat -Werror=format-security -Wmissing-declarations -Wmissing-prototypes -Wstrict-prototypes -Wundef -Winit-self -Wpointer-arith -Wshadow -Wsign-promo -Wno-narrowing -Wno-delete-non-virtual-dtor -Wno-unnamed-type-template-args -fdiagnostics-show-option -Wno-long-long -fno-omit-frame-pointer -msse -msse2 -msse3 -DCHECK_FUNCTION_EXISTS=mmap -O3 -DNDEBUG -Wl,-search_paths_first -Wl,-headerpad_max_install_names   CMakeFiles/cmTryCompileExec2850783090.dir/CheckFunctionExists.c.o  -o cmTryCompileExec2850783090  
gmake[1]: Leaving directory '/Users/Melancardie/Dropbox/Documents/code/Java/OwlExpress/lib/opencv-2.4.10/build/CMakeFiles/CMakeTmp'


Determining if the include file search.h exists passed with the following output:
Change Dir: /Users/Melancardie/Dropbox/Documents/code/Java/OwlExpress/lib/opencv-2.4.10/build/CMakeFiles/CMakeTmp

Run Build Command:"/opt/local/bin/gmake" "cmTryCompileExec2022004784/fast"
/opt/local/bin/gmake -f CMakeFiles/cmTryCompileExec2022004784.dir/build.make CMakeFiles/cmTryCompileExec2022004784.dir/build
gmake[1]: Entering directory '/Users/Melancardie/Dropbox/Documents/code/Java/OwlExpress/lib/opencv-2.4.10/build/CMakeFiles/CMakeTmp'
/opt/local/bin/cmake -E cmake_progress_report /Users/Melancardie/Dropbox/Documents/code/Java/OwlExpress/lib/opencv-2.4.10/build/CMakeFiles/CMakeTmp/CMakeFiles 1
Building C object CMakeFiles/cmTryCompileExec2022004784.dir/CheckIncludeFile.c.o
/usr/bin/cc   -fPIC   -fsigned-char -W -Werror=return-type -Werror=address -Werror=sequence-point -Wformat -Werror=format-security -Wmissing-declarations -Wmissing-prototypes -Wstrict-prototypes -Wundef -Winit-self -Wpointer-arith -Wshadow -Wsign-promo -Wno-narrowing -Wno-delete-non-virtual-dtor -Wno-unnamed-type-template-args -fdiagnostics-show-option -Wno-long-long -fno-omit-frame-pointer -msse -msse2 -msse3  -O3 -DNDEBUG   -o CMakeFiles/cmTryCompileExec2022004784.dir/CheckIncludeFile.c.o   -c /Users/Melancardie/Dropbox/Documents/code/Java/OwlExpress/lib/opencv-2.4.10/build/CMakeFiles/CMakeTmp/CheckIncludeFile.c
Linking C executable cmTryCompileExec2022004784
/opt/local/bin/cmake -E cmake_link_script CMakeFiles/cmTryCompileExec2022004784.dir/link.txt --verbose=1
/usr/bin/cc   -fPIC   -fsigned-char -W -Werror=return-type -Werror=address -Werror=sequence-point -Wformat -Werror=format-security -Wmissing-declarations -Wmissing-prototypes -Wstrict-prototypes -Wundef -Winit-self -Wpointer-arith -Wshadow -Wsign-promo -Wno-narrowing -Wno-delete-non-virtual-dtor -Wno-unnamed-type-template-args -fdiagnostics-show-option -Wno-long-long -fno-omit-frame-pointer -msse -msse2 -msse3  -O3 -DNDEBUG -Wl,-search_paths_first -Wl,-headerpad_max_install_names   CMakeFiles/cmTryCompileExec2022004784.dir/CheckIncludeFile.c.o  -o cmTryCompileExec2022004784  
gmake[1]: Leaving directory '/Users/Melancardie/Dropbox/Documents/code/Java/OwlExpress/lib/opencv-2.4.10/build/CMakeFiles/CMakeTmp'


Determining if the include file string.h exists passed with the following output:
Change Dir: /Users/Melancardie/Dropbox/Documents/code/Java/OwlExpress/lib/opencv-2.4.10/build/CMakeFiles/CMakeTmp

Run Build Command:"/opt/local/bin/gmake" "cmTryCompileExec2946315833/fast"
/opt/local/bin/gmake -f CMakeFiles/cmTryCompileExec2946315833.dir/build.make CMakeFiles/cmTryCompileExec2946315833.dir/build
gmake[1]: Entering directory '/Users/Melancardie/Dropbox/Documents/code/Java/OwlExpress/lib/opencv-2.4.10/build/CMakeFiles/CMakeTmp'
/opt/local/bin/cmake -E cmake_progress_report /Users/Melancardie/Dropbox/Documents/code/Java/OwlExpress/lib/opencv-2.4.10/build/CMakeFiles/CMakeTmp/CMakeFiles 1
Building C object CMakeFiles/cmTryCompileExec2946315833.dir/CheckIncludeFile.c.o
/usr/bin/cc   -fPIC   -fsigned-char -W -Werror=return-type -Werror=address -Werror=sequence-point -Wformat -Werror=format-security -Wmissing-declarations -Wmissing-prototypes -Wstrict-prototypes -Wundef -Winit-self -Wpointer-arith -Wshadow -Wsign-promo -Wno-narrowing -Wno-delete-non-virtual-dtor -Wno-unnamed-type-template-args -fdiagnostics-show-option -Wno-long-long -fno-omit-frame-pointer -msse -msse2 -msse3  -O3 -DNDEBUG   -o CMakeFiles/cmTryCompileExec2946315833.dir/CheckIncludeFile.c.o   -c /Users/Melancardie/Dropbox/Documents/code/Java/OwlExpress/lib/opencv-2.4.10/build/CMakeFiles/CMakeTmp/CheckIncludeFile.c
Linking C executable cmTryCompileExec2946315833
/opt/local/bin/cmake -E cmake_link_script CMakeFiles/cmTryCompileExec2946315833.dir/link.txt --verbose=1
/usr/bin/cc   -fPIC   -fsigned-char -W -Werror=return-type -Werror=address -Werror=sequence-point -Wformat -Werror=format-security -Wmissing-declarations -Wmissing-prototypes -Wstrict-prototypes -Wundef -Winit-self -Wpointer-arith -Wshadow -Wsign-promo -Wno-narrowing -Wno-delete-non-virtual-dtor -Wno-unnamed-type-template-args -fdiagnostics-show-option -Wno-long-long -fno-omit-frame-pointer -msse -msse2 -msse3  -O3 -DNDEBUG -Wl,-search_paths_first -Wl,-headerpad_max_install_names   CMakeFiles/cmTryCompileExec2946315833.dir/CheckIncludeFile.c.o  -o cmTryCompileExec2946315833  
gmake[1]: Leaving directory '/Users/Melancardie/Dropbox/Documents/code/Java/OwlExpress/lib/opencv-2.4.10/build/CMakeFiles/CMakeTmp'


Determining if the include file unistd.h exists passed with the following output:
Change Dir: /Users/Melancardie/Dropbox/Documents/code/Java/OwlExpress/lib/opencv-2.4.10/build/CMakeFiles/CMakeTmp

Run Build Command:"/opt/local/bin/gmake" "cmTryCompileExec748630865/fast"
/opt/local/bin/gmake -f CMakeFiles/cmTryCompileExec748630865.dir/build.make CMakeFiles/cmTryCompileExec748630865.dir/build
gmake[1]: Entering directory '/Users/Melancardie/Dropbox/Documents/code/Java/OwlExpress/lib/opencv-2.4.10/build/CMakeFiles/CMakeTmp'
/opt/local/bin/cmake -E cmake_progress_report /Users/Melancardie/Dropbox/Documents/code/Java/OwlExpress/lib/opencv-2.4.10/build/CMakeFiles/CMakeTmp/CMakeFiles 1
Building C object CMakeFiles/cmTryCompileExec748630865.dir/CheckIncludeFile.c.o
/usr/bin/cc   -fPIC   -fsigned-char -W -Werror=return-type -Werror=address -Werror=sequence-point -Wformat -Werror=format-security -Wmissing-declarations -Wmissing-prototypes -Wstrict-prototypes -Wundef -Winit-self -Wpointer-arith -Wshadow -Wsign-promo -Wno-narrowing -Wno-delete-non-virtual-dtor -Wno-unnamed-type-template-args -fdiagnostics-show-option -Wno-long-long -fno-omit-frame-pointer -msse -msse2 -msse3  -O3 -DNDEBUG   -o CMakeFiles/cmTryCompileExec748630865.dir/CheckIncludeFile.c.o   -c /Users/Melancardie/Dropbox/Documents/code/Java/OwlExpress/lib/opencv-2.4.10/build/CMakeFiles/CMakeTmp/CheckIncludeFile.c
Linking C executable cmTryCompileExec748630865
/opt/local/bin/cmake -E cmake_link_script CMakeFiles/cmTryCompileExec748630865.dir/link.txt --verbose=1
/usr/bin/cc   -fPIC   -fsigned-char -W -Werror=return-type -Werror=address -Werror=sequence-point -Wformat -Werror=format-security -Wmissing-declarations -Wmissing-prototypes -Wstrict-prototypes -Wundef -Winit-self -Wpointer-arith -Wshadow -Wsign-promo -Wno-narrowing -Wno-delete-non-virtual-dtor -Wno-unnamed-type-template-args -fdiagnostics-show-option -Wno-long-long -fno-omit-frame-pointer -msse -msse2 -msse3  -O3 -DNDEBUG -Wl,-search_paths_first -Wl,-headerpad_max_install_names   CMakeFiles/cmTryCompileExec748630865.dir/CheckIncludeFile.c.o  -o cmTryCompileExec748630865  
gmake[1]: Leaving directory '/Users/Melancardie/Dropbox/Documents/code/Java/OwlExpress/lib/opencv-2.4.10/build/CMakeFiles/CMakeTmp'


Determining if the include file semaphore.h exists passed with the following output:
Change Dir: /Users/Melancardie/Dropbox/Documents/code/Java/OwlExpress/lib/opencv-2.4.10/build/CMakeFiles/CMakeTmp

Run Build Command:"/opt/local/bin/gmake" "cmTryCompileExec1684494152/fast"
/opt/local/bin/gmake -f CMakeFiles/cmTryCompileExec1684494152.dir/build.make CMakeFiles/cmTryCompileExec1684494152.dir/build
gmake[1]: Entering directory '/Users/Melancardie/Dropbox/Documents/code/Java/OwlExpress/lib/opencv-2.4.10/build/CMakeFiles/CMakeTmp'
/opt/local/bin/cmake -E cmake_progress_report /Users/Melancardie/Dropbox/Documents/code/Java/OwlExpress/lib/opencv-2.4.10/build/CMakeFiles/CMakeTmp/CMakeFiles 1
Building C object CMakeFiles/cmTryCompileExec1684494152.dir/CheckIncludeFile.c.o
/usr/bin/cc   -fPIC   -fsigned-char -W -Werror=return-type -Werror=address -Werror=sequence-point -Wformat -Werror=format-security -Wmissing-declarations -Wmissing-prototypes -Wstrict-prototypes -Wundef -Winit-self -Wpointer-arith -Wshadow -Wsign-promo -Wno-narrowing -Wno-delete-non-virtual-dtor -Wno-unnamed-type-template-args -fdiagnostics-show-option -Wno-long-long -fno-omit-frame-pointer -msse -msse2 -msse3  -O3 -DNDEBUG   -o CMakeFiles/cmTryCompileExec1684494152.dir/CheckIncludeFile.c.o   -c /Users/Melancardie/Dropbox/Documents/code/Java/OwlExpress/lib/opencv-2.4.10/build/CMakeFiles/CMakeTmp/CheckIncludeFile.c
Linking C executable cmTryCompileExec1684494152
/opt/local/bin/cmake -E cmake_link_script CMakeFiles/cmTryCompileExec1684494152.dir/link.txt --verbose=1
/usr/bin/cc   -fPIC   -fsigned-char -W -Werror=return-type -Werror=address -Werror=sequence-point -Wformat -Werror=format-security -Wmissing-declarations -Wmissing-prototypes -Wstrict-prototypes -Wundef -Winit-self -Wpointer-arith -Wshadow -Wsign-promo -Wno-narrowing -Wno-delete-non-virtual-dtor -Wno-unnamed-type-template-args -fdiagnostics-show-option -Wno-long-long -fno-omit-frame-pointer -msse -msse2 -msse3  -O3 -DNDEBUG -Wl,-search_paths_first -Wl,-headerpad_max_install_names   CMakeFiles/cmTryCompileExec1684494152.dir/CheckIncludeFile.c.o  -o cmTryCompileExec1684494152  
gmake[1]: Leaving directory '/Users/Melancardie/Dropbox/Documents/code/Java/OwlExpress/lib/opencv-2.4.10/build/CMakeFiles/CMakeTmp'


